<?xml version="1.0" encoding="UTF-8"?>
<testsuite xmlns:xsi="http://www.w3.org/2001/XMLSchema-instance" xsi:noNamespaceSchemaLocation="https://maven.apache.org/surefire/maven-surefire-plugin/xsd/surefire-test-report.xsd" name="code.AppTest" time="0.03" tests="9" errors="0" skipped="0" failures="0">
  <properties>
[...]
</properties>
  <testcase name="testSumCalculation" classname="code.AppTest" time="0.004"/>
  <testcase name="testAddNumberToList" classname="code.AppTest" time="0"/>
  <testcase name="testClearNumbers" classname="code.AppTest" time="0.001"/>
  <testcase name="testEmptyListState" classname="code.AppTest" time="0"/>
  <testcase name="testMultiplication" classname="code.AppTest" time="0"/>
  <testcase name="testAddition" classname="code.AppTest" time="0"/>
  <testcase name="testDivisionByZero" classname="code.AppTest" time="0.001"/>
  <testcase name="testDivision" classname="code.AppTest" time="0"/>
  <testcase name="testSubtraction" classname="code.AppTest" time="0.001"/>
</testsuite>